[ 2024-10-19 19:59:55 ] -  [32minfo[39m -  WORKER | Starting order worker
[ 2024-10-19 20:00:56 ] -  [32minfo[39m -  WORKER | Starting order worker
[ 2024-10-19 20:00:56 ] -  [32minfo[39m -  SERVER | REDIS: Connected to Redis
[ 2024-10-19 20:00:56 ] -  [32minfo[39m -  SERVER | REDIS: Redis connection is ready
[ 2024-10-19 20:01:12 ] -  [32minfo[39m -  WORKER | Starting order worker
[ 2024-10-19 20:01:12 ] -  [32minfo[39m -  SERVER | REDIS: Connected to Redis
[ 2024-10-19 20:01:12 ] -  [32minfo[39m -  SERVER | REDIS: Redis connection is ready
[ 2024-10-19 20:02:18 ] -  [32minfo[39m -  WORKER | Starting order worker
[ 2024-10-19 20:02:18 ] -  [32minfo[39m -  SERVER | REDIS: Connected to Redis
[ 2024-10-19 20:02:18 ] -  [32minfo[39m -  SERVER | REDIS: Redis connection is ready to start execution
[ 2024-10-19 20:06:55 ] -  [32minfo[39m -  WORKER | Starting order worker
[ 2024-10-19 20:06:55 ] -  [32minfo[39m -  SERVER | REDIS: Connected to Redis
[ 2024-10-19 20:06:55 ] -  [32minfo[39m -  SERVER | REDIS: Redis connection is ready to start execution
[ 2024-10-19 20:09:47 ] -  [32minfo[39m -  WORKER | Starting order worker
[ 2024-10-19 20:09:47 ] -  [32minfo[39m -  SERVER | REDIS: Connected to Redis
[ 2024-10-19 20:09:47 ] -  [32minfo[39m -  SERVER | REDIS: Redis connection is ready to start execution
[ 2024-10-19 20:13:01 ] -  [32minfo[39m -  WORKER | Starting order worker
[ 2024-10-19 20:13:01 ] -  [32minfo[39m -  SERVER | REDIS: Connected to Redis
[ 2024-10-19 20:13:01 ] -  [32minfo[39m -  SERVER | REDIS: Redis connection is ready to start execution
[ 2024-10-20 19:19:20 ] -  [32minfo[39m -  WORKER | Starting order worker
[ 2024-10-20 19:19:20 ] -  [32minfo[39m -  SERVER | REDIS: Connected to Redis
[ 2024-10-20 19:19:20 ] -  [32minfo[39m -  SERVER | REDIS: Redis connection is ready to start execution
[ 2024-10-20 19:58:11 ] -  [32minfo[39m -  WORKER | Starting order worker
[ 2024-10-20 19:58:11 ] -  [32minfo[39m -  SERVER | REDIS: Connected to Redis
[ 2024-10-20 19:58:11 ] -  [32minfo[39m -  SERVER | REDIS: Redis connection is ready to start execution
[ 2024-10-20 19:59:33 ] -  [32minfo[39m -  WORKER | Starting order worker
[ 2024-10-20 20:05:59 ] -  [32minfo[39m -  WORKER | Starting order worker
[ 2024-10-20 20:06:39 ] -  [32minfo[39m -  WORKER | Starting order worker
[ 2024-10-20 20:10:15 ] -  [32minfo[39m -  WORKER | Starting order worker
[ 2024-10-20 20:10:35 ] -  [32minfo[39m -  WORKER | Starting order worker
[ 2024-10-20 20:14:47 ] -  [32minfo[39m -  WORKER | Starting order worker
[ 2024-10-20 20:18:12 ] -  [32minfo[39m -  WORKER | Starting order worker
[ 2024-10-20 20:21:18 ] -  [32minfo[39m -  WORKER | Starting order worker
[ 2024-10-20 20:28:39 ] -  [32minfo[39m -  WORKER | Starting order worker
[ 2024-10-20 20:29:26 ] -  [32minfo[39m -  WORKER | Starting order worker
[ 2024-10-20 20:40:55 ] -  [32minfo[39m -  WORKER | Starting order worker
[ 2024-10-20 21:37:27 ] -  [32minfo[39m -  WORKER | Starting order worker
[ 2024-10-20 21:40:21 ] -  [32minfo[39m -  WORKER | Starting order worker
[ 2024-10-20 21:42:45 ] -  [32minfo[39m -  WORKER | Starting order worker
[ 2024-10-20 21:43:22 ] -  [32minfo[39m -  WORKER | Starting order worker
[ 2024-10-20 21:44:32 ] -  [32minfo[39m -  WORKER | Starting order worker
[ 2024-10-20 21:46:58 ] -  [32minfo[39m -  WORKER | Starting order worker
[ 2024-10-20 21:52:11 ] -  [32minfo[39m -  WORKER | Starting order worker
[ 2024-10-20 21:54:32 ] -  [32minfo[39m -  WORKER | Starting order worker
[ 2024-10-20 22:06:49 ] -  [32minfo[39m -  WORKER | Starting order worker
[ 2024-10-20 22:14:03 ] -  [32minfo[39m -  WORKER | Starting order worker
[ 2024-10-20 22:41:24 ] -  [32minfo[39m -  WORKER | Starting order worker
[ 2024-10-20 22:49:07 ] -  [32minfo[39m -  WORKER | Starting order worker
[ 2024-10-20 22:50:32 ] -  [32minfo[39m -  WORKER | Starting order worker
[ 2024-10-20 22:53:18 ] -  [32minfo[39m -  WORKER | Starting order worker
[ 2024-10-20 22:59:19 ] -  [32minfo[39m -  WORKER | Starting order worker
[ 2024-10-20 23:00:43 ] -  [32minfo[39m -  WORKER | Starting order worker
[ 2024-10-20 23:17:30 ] -  [32minfo[39m -  WORKER | Starting order worker
[ 2024-10-20 23:25:15 ] -  [32minfo[39m -  Processing order: {"7462230":{"event_id":9282,"l1_expected_price":0.5,"l1_order_quantity":1,"offer_type":"buy"}}
[ 2024-10-20 23:47:30 ] -  [32minfo[39m -  WORKER | Starting order worker
[ 2024-10-20 23:48:10 ] -  [32minfo[39m -  WORKER | Starting order worker
[ 2024-10-20 23:52:39 ] -  [32minfo[39m -  WORKER | Starting order worker
[ 2024-10-20 23:55:48 ] -  [32minfo[39m -  WORKER | Starting order worker
